This is pdfTeX, Version 3.1415926-2.5-1.40.14 (TeX Live 2013) (format=pdflatex 2013.5.30)  20 JUL 2016 15:13
entering extended mode
 restricted \write18 enabled.
 %&-line parsing enabled.
**qpack2.tex
(./qpack2.tex
LaTeX2e <2011/06/27>
Babel <3.9f> and hyphenation patterns for 78 languages loaded.
(/usr/local/texlive/2013/texmf-dist/tex/latex/base/article.cls
Document Class: article 2007/10/19 v1.4h Standard LaTeX document class
(/usr/local/texlive/2013/texmf-dist/tex/latex/base/size11.clo
File: size11.clo 2007/10/19 v1.4h Standard LaTeX file (size option)
)
\c@part=\count79
\c@section=\count80
\c@subsection=\count81
\c@subsubsection=\count82
\c@paragraph=\count83
\c@subparagraph=\count84
\c@figure=\count85
\c@table=\count86
\abovecaptionskip=\skip41
\belowcaptionskip=\skip42
\bibindent=\dimen102
)
(/usr/local/texlive/2013/texmf-dist/tex/latex/tools/verbatim.sty
Package: verbatim 2003/08/22 v1.5q LaTeX2e package for verbatim enhancements
\every@verbatim=\toks14
\verbatim@line=\toks15
\verbatim@in@stream=\read1
)
(/usr/local/texlive/2013/texmf-dist/tex/latex/url/url.sty
\Urlmuskip=\muskip10
Package: url 2006/04/12  ver 3.3  Verb mode for urls, etc.
)
(/usr/local/texlive/2013/texmf-dist/tex/latex/geometry/geometry.sty
Package: geometry 2010/09/12 v5.6 Page Geometry

(/usr/local/texlive/2013/texmf-dist/tex/latex/graphics/keyval.sty
Package: keyval 1999/03/16 v1.13 key=value parser (DPC)
\KV@toks@=\toks16
)
(/usr/local/texlive/2013/texmf-dist/tex/generic/oberdiek/ifpdf.sty
Package: ifpdf 2011/01/30 v2.3 Provides the ifpdf switch (HO)
Package ifpdf Info: pdfTeX in PDF mode is detected.
)
(/usr/local/texlive/2013/texmf-dist/tex/generic/oberdiek/ifvtex.sty
Package: ifvtex 2010/03/01 v1.5 Detect VTeX and its facilities (HO)
Package ifvtex Info: VTeX not detected.
)
(/usr/local/texlive/2013/texmf-dist/tex/generic/ifxetex/ifxetex.sty
Package: ifxetex 2010/09/12 v0.6 Provides ifxetex conditional
)
\Gm@cnth=\count87
\Gm@cntv=\count88
\c@Gm@tempcnt=\count89
\Gm@bindingoffset=\dimen103
\Gm@wd@mp=\dimen104
\Gm@odd@mp=\dimen105
\Gm@even@mp=\dimen106
\Gm@layoutwidth=\dimen107
\Gm@layoutheight=\dimen108
\Gm@layouthoffset=\dimen109
\Gm@layoutvoffset=\dimen110
\Gm@dimlist=\toks17
)
No file qpack2.aux.
\openout1 = `qpack2.aux'.

LaTeX Font Info:    Checking defaults for OML/cmm/m/it on input line 27.
LaTeX Font Info:    ... okay on input line 27.
LaTeX Font Info:    Checking defaults for T1/cmr/m/n on input line 27.
LaTeX Font Info:    ... okay on input line 27.
LaTeX Font Info:    Checking defaults for OT1/cmr/m/n on input line 27.
LaTeX Font Info:    ... okay on input line 27.
LaTeX Font Info:    Checking defaults for OMS/cmsy/m/n on input line 27.
LaTeX Font Info:    ... okay on input line 27.
LaTeX Font Info:    Checking defaults for OMX/cmex/m/n on input line 27.
LaTeX Font Info:    ... okay on input line 27.
LaTeX Font Info:    Checking defaults for U/cmr/m/n on input line 27.
LaTeX Font Info:    ... okay on input line 27.
*geometry* driver: auto-detecting
*geometry* detected driver: pdftex
*geometry* verbose mode - [ preamble ] result:
* driver: pdftex
* paper: a4paper
* layout: <same size as paper>
* layoutoffset:(h,v)=(0.0pt,0.0pt)
* modes: 
* h-part:(L,W,R)=(85.35826pt, 426.79135pt, 85.35826pt)
* v-part:(T,H,B)=(85.35826pt, 674.33032pt, 85.35826pt)
* \paperwidth=597.50787pt
* \paperheight=845.04684pt
* \textwidth=426.79135pt
* \textheight=674.33032pt
* \oddsidemargin=13.08827pt
* \evensidemargin=13.08827pt
* \topmargin=13.08827pt
* \headheight=0.0pt
* \headsep=0.0pt
* \topskip=11.0pt
* \footskip=30.0pt
* \marginparwidth=50.0pt
* \marginparsep=10.0pt
* \columnsep=10.0pt
* \skip\footins=10.0pt plus 4.0pt minus 2.0pt
* \hoffset=0.0pt
* \voffset=0.0pt
* \mag=1000
* \@twocolumnfalse
* \@twosidefalse
* \@mparswitchfalse
* \@reversemarginfalse
* (1in=72.27pt=25.4mm, 1cm=28.453pt)

LaTeX Font Info:    External font `cmex10' loaded for size
(Font)              <12> on input line 30.
LaTeX Font Info:    External font `cmex10' loaded for size
(Font)              <8> on input line 30.
LaTeX Font Info:    External font `cmex10' loaded for size
(Font)              <6> on input line 30.

LaTeX Warning: Reference `sec:scanning' on page 1 undefined on input line 46.

[1

{/usr/local/texlive/2013/texmf-var/fonts/map/pdftex/updmap/pdftex.map}]
LaTeX Font Info:    External font `cmex10' loaded for size
(Font)              <10.95> on input line 93.

[2]

LaTeX Warning: Reference `sec:structs' on page 3 undefined on input line 165.


LaTeX Warning: Reference `app:qfun' on page 3 undefined on input line 208.

[3]

LaTeX Warning: Reference `sec:download' on page 4 undefined on input line 280.


LaTeX Warning: Reference `app:q' on page 4 undefined on input line 281.

[4]
LaTeX Font Info:    Try loading font information for OMS+cmr on input line 322.

 (/usr/local/texlive/2013/texmf-dist/tex/latex/base/omscmr.fd
File: omscmr.fd 1999/05/25 v2.5h Standard LaTeX font definitions
)
LaTeX Font Info:    Font shape `OMS/cmr/m/n' in size <10.95> not available
(Font)              Font shape `OMS/cmsy/m/n' tried instead on input line 322.


LaTeX Warning: Reference `sec:Y' on page 5 undefined on input line 334.


LaTeX Warning: Reference `app:o' on page 5 undefined on input line 354.

[5]

LaTeX Warning: Reference `sec:l2' on page 6 undefined on input line 360.


LaTeX Warning: Reference `app:y' on page 6 undefined on input line 388.

[6] [7] [8]

LaTeX Warning: Reference `sec:units' on page 9 undefined on input line 610.

[9]
Overfull \hbox (50.04005pt too wide) in paragraph at lines 629--634
\OT1/cmr/m/n/10.95 Total re-trieval (ob-ser-va-tion + smooth-ing) er-ror for th
e species. Unit de-pends on []\OT1/cmtt/m/n/10.95 Q.SPECIES(i).UNIT\OT1/cmr/m/n
/10.95 .
 []


Underfull \hbox (badness 10000) in paragraph at lines 676--681

 []

[10]
Overfull \hbox (27.35498pt too wide) in paragraph at lines 746--746
[]                        \OT1/cmtt/m/n/10.95 'msis90', 'msis90.t.xml' ), 'Temp
erature', 't_field' );[] 
 []

[11] [12]
Overfull \hbox (20.23792pt too wide) in paragraph at lines 837--837
 []\OT1/cmtt/m/n/10.95 Q.ABS_SPECIES(1).GRIDS = { Q.P_GRID, mean(Q.LAT_GRID), m
ean(Q.LON_GRID)}; 
 []

[13] [14] [15]
File: ../../demos/qpack2_demo.m  (verbatim)

Overfull \hbox (27.35498pt too wide) in paragraph at lines 884--884
[]\OT1/cmtt/m/n/10.95 %    The main features of Qpack2 are demonstrated. The ex
ample case is airborne[] 
 []


Overfull \hbox (4.36023pt too wide) in paragraph at lines 884--884
[]\OT1/cmtt/m/n/10.95 %    Everything is here put into a single file. For pract
ical retrievals it[] 
 []


Overfull \hbox (4.36023pt too wide) in paragraph at lines 884--884
[]\OT1/cmtt/m/n/10.95 %    is probably better to put the definitions of Q (toge
ther with O?) in a[] 
 []


Overfull \hbox (27.35498pt too wide) in paragraph at lines 884--884
[]\OT1/cmtt/m/n/10.95 %    retrieval units and retrieval of other variables. Se
e also *qpack2_demo2*.[] 
 []


Overfull \hbox (21.6063pt too wide) in paragraph at lines 884--884
[]            \OT1/cmtt/m/n/10.95 'Some mismatch between Q.F_BACKEND and freque
ncies of spectra.' );[] 
 []


Overfull \hbox (15.8576pt too wide) in paragraph at lines 884--884
[]\OT1/cmtt/m/n/10.95 O = qp2_l2( Q );         % This ensures that OEM returns 
the variables needed[] 
 []

[16]
Overfull \hbox (21.6063pt too wide) in paragraph at lines 884--884
[]\OT1/cmtt/m/n/10.95 %--------------------------------------------------------
---------------------[] 
 []


Overfull \hbox (21.6063pt too wide) in paragraph at lines 884--884
[]\OT1/cmtt/m/n/10.95 %--------------------------------------------------------
---------------------[] 
 []


Overfull \hbox (21.6063pt too wide) in paragraph at lines 884--884
[]\OT1/cmtt/m/n/10.95 %--------------------------------------------------------
---------------------[] 
 []

[17]
Overfull \hbox (4.36023pt too wide) in paragraph at lines 884--884
[]                          \OT1/cmtt/m/n/10.95 fullfile( 'ARTS_INCLUDES', 'con
tinua.arts' ), ...[] 
 []


Overfull \hbox (15.8576pt too wide) in paragraph at lines 884--884
[]                          \OT1/cmtt/m/n/10.95 fullfile( 'ARTS_INCLUDES', 'pla
net_earth.arts' ) };[] 
 []


Overfull \hbox (4.36023pt too wide) in paragraph at lines 884--884
[]\OT1/cmtt/m/n/10.95 % This works only if the pre-defined agenda is names foll
owing the pattern:[] 
 []

[18]
Overfull \hbox (10.10892pt too wide) in paragraph at lines 884--884
[]                                      \OT1/cmtt/m/n/10.95 % observation altit
ude is assumed here[] 
 []


Overfull \hbox (21.6063pt too wide) in paragraph at lines 884--884
[]                                                      \OT1/cmtt/m/n/10.95 'f_
grid_111ghz.xml' ) );[] 
 []

[19]
Overfull \hbox (10.10892pt too wide) in paragraph at lines 884--884
[]\OT1/cmtt/m/n/10.95 Q.T.ATMDATA    = gf_artsxml( fullfile( arts_xmldata_path,
 'climatology', ...[] 
 []


Overfull \hbox (27.35498pt too wide) in paragraph at lines 884--884
[]                        \OT1/cmtt/m/n/10.95 'msis90', 'msis90.t.xml' ), 'Temp
erature', 't_field' );[] 
 []


Overfull \hbox (27.35498pt too wide) in paragraph at lines 884--884
[]      \OT1/cmtt/m/n/10.95 'midlatitude-winter', 'midlatitude-winter.O3.xml' )
, 'O3', 'vmr_field' );[] 
 []

[20]
Overfull \hbox (10.10892pt too wide) in paragraph at lines 884--884
[]\OT1/cmtt/m/n/10.95 % If you don't apply a min value (by MINMAX), you could n
eed to active this:[] 
 []


Overfull \hbox (27.35498pt too wide) in paragraph at lines 884--884
[]                     \OT1/cmtt/m/n/10.95 covmat1d_from_cfun( Q.ABS_SPECIES(1)
.GRIDS{1}, 1.5e-6, ...[] 
 []


Overfull \hbox (27.35498pt too wide) in paragraph at lines 884--884
[]                                               \OT1/cmtt/m/n/10.95 'lin', 0.2
, 0.00, @log10 ) + ...[] 
 []


Overfull \hbox (27.35498pt too wide) in paragraph at lines 884--884
[]                     \OT1/cmtt/m/n/10.95 covmat1d_from_cfun( Q.ABS_SPECIES(1)
.GRIDS{1}, 0.3e-6, ...[] 
 []


Overfull \hbox (10.10892pt too wide) in paragraph at lines 884--884
[]                     \OT1/cmtt/m/n/10.95 covmat1d_from_cfun( Q.ABS_SPECIES(1)
.GRIDS{1}, 0.5, ...[] 
 []


Overfull \hbox (27.35498pt too wide) in paragraph at lines 884--884
[]                                               \OT1/cmtt/m/n/10.95 'lin', 0.2
, 0.00, @log10 ) + ...[] 
 []


Overfull \hbox (10.10892pt too wide) in paragraph at lines 884--884
[]                     \OT1/cmtt/m/n/10.95 covmat1d_from_cfun( Q.ABS_SPECIES(1)
.GRIDS{1}, 0.1, ...[] 
 []


Overfull \hbox (4.36023pt too wide) in paragraph at lines 884--884
[]                                       \OT1/cmtt/m/n/10.95 [ Q.ABS_SPECIES(1)
.ATMDATA.GRID1,...[] 
 []


Overfull \hbox (10.10892pt too wide) in paragraph at lines 884--884
[]                                   \OT1/cmtt/m/n/10.95 0.5 * Q.ABS_SPECIES(1)
.ATMDATA.DATA ],...[] 
 []


Overfull \hbox (27.35498pt too wide) in paragraph at lines 884--884
[]                                               \OT1/cmtt/m/n/10.95 'lin', 0.2
, 0.00, @log10 ) + ...[] 
 []


Overfull \hbox (10.10892pt too wide) in paragraph at lines 884--884
[]                                       \OT1/cmtt/m/n/10.95 [ Q.ABS_SPECIES(1)
.ATMDATA.GRID1, ...[] 
 []


Overfull \hbox (10.10892pt too wide) in paragraph at lines 884--884
[]                                   \OT1/cmtt/m/n/10.95 0.1 * Q.ABS_SPECIES(1)
.ATMDATA.DATA ],...[] 
 []


Overfull \hbox (10.10892pt too wide) in paragraph at lines 884--884
[]                     \OT1/cmtt/m/n/10.95 covmat1d_from_cfun( Q.ABS_SPECIES(1)
.GRIDS{1}, 0.5, ...[] 
 []


Overfull \hbox (27.35498pt too wide) in paragraph at lines 884--884
[]                                               \OT1/cmtt/m/n/10.95 'lin', 0.2
, 0.00, @log10 ) + ...[] 
 []


Overfull \hbox (10.10892pt too wide) in paragraph at lines 884--884
[]                     \OT1/cmtt/m/n/10.95 covmat1d_from_cfun( Q.ABS_SPECIES(1)
.GRIDS{1}, 0.1, ...[] 
 []

[21]
Overfull \hbox (27.35498pt too wide) in paragraph at lines 884--884
[]    \OT1/cmtt/m/n/10.95 'midlatitude-winter', 'midlatitude-winter.H2O.xml' ),
 'H2O', 'vmr_field' );[] 
 []


Overfull \hbox (27.35498pt too wide) in paragraph at lines 884--884
[]                                                    \OT1/cmtt/m/n/10.95 'lin'
, 0.5, 0.00, @log10 );[] 
 []


Overfull \hbox (21.6063pt too wide) in paragraph at lines 884--884
[]\OT1/cmtt/m/n/10.95 % Here just included for testing purposes, of little inte
rest for ground-based[] 
 []

[22]
Overfull \hbox (21.6063pt too wide) in paragraph at lines 884--884
[]\OT1/cmtt/m/n/10.95 %--------------------------------------------------------
---------------------[] 
 []


Overfull \hbox (21.6063pt too wide) in paragraph at lines 884--884
[]\OT1/cmtt/m/n/10.95 %--------------------------------------------------------
---------------------[] 
 []


Overfull \hbox (21.6063pt too wide) in paragraph at lines 884--884
[]\OT1/cmtt/m/n/10.95 %--------------------------------------------------------
---------------------[] 
 []


Overfull \hbox (15.8576pt too wide) in paragraph at lines 884--884
[]\OT1/cmtt/m/n/10.95 % The data should be loaded from one or several files, bu
t are here genereted[] 
 []

[23]
Overfull \hbox (10.10892pt too wide) in paragraph at lines 884--884
[]\OT1/cmtt/m/n/10.95 Y.Y = [];                           % A flag to tell qpac
k2 to calculate the[] 
 []

[24] [25]
No file qarts.txt.
[26]
No file oem.txt.
[27]
No file qp2_y.txt.
[28] (./qpack2.aux)

LaTeX Warning: There were undefined references.


LaTeX Warning: Label(s) may have changed. Rerun to get cross-references right.

 ) 
Here is how much of TeX's memory you used:
 911 strings out of 493315
 12468 string characters out of 6137904
 79235 words of memory out of 5000000
 4400 multiletter control sequences out of 15000+600000
 10100 words of font info for 36 fonts, out of 8000000 for 9000
 957 hyphenation exceptions out of 8191
 23i,6n,19p,157b,242s stack positions out of 5000i,500n,10000p,200000b,80000s
</usr/local/texlive/2013/texmf-dist/fonts/type1/public/amsfonts/cm/cmbx10.pfb
></usr/local/texlive/2013/texmf-dist/fonts/type1/public/amsfonts/cm/cmbx12.pfb>
</usr/local/texlive/2013/texmf-dist/fonts/type1/public/amsfonts/cm/cmmi10.pfb><
/usr/local/texlive/2013/texmf-dist/fonts/type1/public/amsfonts/cm/cmmi8.pfb></u
sr/local/texlive/2013/texmf-dist/fonts/type1/public/amsfonts/cm/cmr10.pfb></usr
/local/texlive/2013/texmf-dist/fonts/type1/public/amsfonts/cm/cmr12.pfb></usr/l
ocal/texlive/2013/texmf-dist/fonts/type1/public/amsfonts/cm/cmr17.pfb></usr/loc
al/texlive/2013/texmf-dist/fonts/type1/public/amsfonts/cm/cmsy10.pfb></usr/loca
l/texlive/2013/texmf-dist/fonts/type1/public/amsfonts/cm/cmti10.pfb></usr/local
/texlive/2013/texmf-dist/fonts/type1/public/amsfonts/cm/cmtt10.pfb></usr/local/
texlive/2013/texmf-dist/fonts/type1/public/amsfonts/cm/cmtt12.pfb>
Output written on qpack2.pdf (28 pages, 183921 bytes).
PDF statistics:
 138 PDF objects out of 1000 (max. 8388607)
 96 compressed objects within 1 object stream
 0 named destinations out of 1000 (max. 500000)
 1 words of extra memory for PDF output out of 10000 (max. 10000000)

